<?xml version="1.0" encoding="utf-8"?><testsuites name="pytest tests"><testsuite name="pytest" errors="0" failures="0" skipped="0" tests="85" time="23.135" timestamp="2026-07-23T13:59:54.127702+08:00" hostname="ml-ubuntu22-04-desktop-v3-2-128gb-25m"><testcase classname="tests.test_checkpoint_contract" name="test_missing_dcp_optimizer_group_options_are_filled_without_overwriting_loaded_values" time="0.177" /><testcase classname="tests.test_checkpoint_contract" name="test_default_epoch_checkpoint_policy" time="0.001" /><testcase classname="tests.test_checkpoint_contract" name="test_model_export_interval_requires_enabled_export" time="0.001" /><testcase classname="tests.test_checkpoint_contract" name="test_full_checkpoint_resumes_adam_but_model_reader_ignores_it" time="4.997" /><testcase classname="tests.test_checkpoint_contract" name="test_checkpoint_retention_keeps_newest_files" time="0.005" /><testcase classname="tests.test_checkpoint_contract" name="test_retention_keeps_newest_committed_directories" time="0.004" /><testcase classname="tests.test_checkpoint_contract" name="test_retention_keeps_recent_plus_old_safety_with_one_model_export" time="0.006" /><testcase classname="tests.test_checkpoint_contract" name="test_safety_retention_has_fallback_before_first_milestone" time="0.003" /><testcase classname="tests.test_checkpoint_contract" name="test_safety_checkpoint_without_model_export_restores_training_state" time="0.067" /><testcase classname="tests.test_data_pipeline" name="test_cleaner_normalizes_and_exact_deduplicates" time="0.002" /><testcase classname="tests.test_data_pipeline" name="test_chunk_document_prefers_boundaries_without_overlap" time="0.001" /><testcase classname="tests.test_data_pipeline" name="test_split_is_stable_and_token_dtype_tracks_vocab" time="0.001" /><testcase classname="tests.test_data_pipeline" name="test_token_blocks_are_non_overlapping_and_targets_shift_one_token" time="0.013" /><testcase classname="tests.test_data_pipeline" name="test_sharded_blocks_cross_physical_boundaries_without_losing_each_tail" time="0.008" /><testcase classname="tests.test_data_pipeline" name="test_shard_sampler_is_epoch_deterministic_and_partitions_ranks" time="0.002" /><testcase classname="tests.test_data_pipeline" name="test_auto_worker_budget_is_bounded_per_rank" time="0.002" /><testcase classname="tests.test_data_pipeline" name="test_shard_sampler_shuffles_complete_ranges_without_global_interleaving" time="0.001" /><testcase classname="tests.test_data_pipeline" name="test_prepare_manifest_and_dataloader_end_to_end" time="0.282" /><testcase classname="tests.test_data_pipeline" name="test_randomized_document_packing_matches_epoch_permutation_and_ddp" time="0.006" /><testcase classname="tests.test_data_pipeline" name="test_custom_bpe_artifact_round_trip" time="0.089" /><testcase classname="tests.test_distributed_bench_utils" name="test_repeat_aggregation_and_quality_gates" time="0.002" /><testcase classname="tests.test_distributed_bench_utils" name="test_session_builds_same_environment_resumable_commands" time="0.002" /><testcase classname="tests.test_distributed_bench_utils" name="test_session_preserves_virtualenv_python_symlink" time="0.002" /><testcase classname="tests.test_distributed_bench_utils" name="test_single_strategy_is_limited_to_one_gpu" time="0.001" /><testcase classname="tests.test_distributed_bench_utils" name="test_report_visualization_and_presentation_are_persisted" time="1.906" /><testcase classname="tests.test_distributed_bench_utils" name="test_notebook_keeps_only_high_level_benchmark_calls" time="0.004" /><testcase classname="tests.test_distributed_bench_utils" name="test_distributed_worker_does_not_read_config_from_wrapped_model" time="0.002" /><testcase classname="tests.test_distributed_checkpoint" name="test_ddp_checkpoint_reshards_into_single_process" time="4.246" /><testcase classname="tests.test_model_training_metrics" name="test_moe_reports_decomposed_loss_and_layer_expert_distributions" time="0.184" /><testcase classname="tests.test_model_training_metrics" name="test_dense_reports_only_architecture_independent_loss_metrics" time="0.007" /><testcase classname="tests.test_operator_bench_utils" name="test_close_stats_streams_across_chunk_boundaries" time="0.024" /><testcase classname="tests.test_operator_bench_utils" name="test_close_stats_rejects_tensor_metadata_mismatch" time="0.001" /><testcase classname="tests.test_operator_bench_utils" name="test_release_cache_attempts_empty_cache_after_synchronize_failure" time="0.120" /><testcase classname="tests.test_operator_bench_utils" name="test_run_with_cuda_cleanup_drops_failed_frame_locals" time="0.186" /><testcase classname="tests.test_operator_bench_utils" name="test_run_with_cuda_cleanup_releases_memory_after_failure" time="0.190" /><testcase classname="tests.test_operator_bench_utils" name="test_bench_sweep_releases_memory_after_provider_failure" time="0.753" /><testcase classname="tests.test_operator_bench_utils" name="test_nsight_case_releases_memory_after_failure" time="0.281" /><testcase classname="tests.test_parallel_config" name="test_fsdp_policy_targets_transformer_blocks" time="0.001" /><testcase classname="tests.test_parallel_config" name="test_synbios_layered_config_resolves_fsdp" time="0.017" /><testcase classname="tests.test_parallel_config" name="test_synbios_4gpu_formal_checkpoint_and_logging_policy" time="0.033" /><testcase classname="tests.test_parallel_config" name="test_synbios_paper_optimizer_schedule_is_not_batch_scaled" time="0.010" /><testcase classname="tests.test_parallel_config" name="test_4090_server_matrix_has_explicit_topology_and_auto_workers" time="0.058" /><testcase classname="tests.test_parallel_config" name="test_synbios_distributed_run_names_match_server_launcher" time="0.096" /><testcase classname="tests.test_parallel_config" name="test_full_synbios_launcher_preserves_every_gated_stage" time="0.001" /><testcase classname="tests.test_parallel_config" name="test_synbios_launcher_prepares_every_required_data_artifact" time="0.002" /><testcase classname="tests.test_runtime_logger" name="test_jsonl_logger_persists_every_event" time="0.002" /><testcase classname="tests.test_runtime_logger" name="test_console_progress_is_human_readable" time="0.001" /><testcase classname="tests.test_runtime_logger" name="test_probe_console_surfaces_health_and_pipeline_state" time="0.001" /><testcase classname="tests.test_runtime_logger" name="test_tensorboard_records_full_numeric_state" time="0.235" /><testcase classname="tests.test_runtime_logger" name="test_gpu_utilization_interval_has_unambiguous_compute_and_controller_metrics" time="0.002" /><testcase classname="tests.test_runtime_logger" name="test_gpu_utilization_reports_unavailable_without_inventing_zero_utilization" time="0.001" /><testcase classname="tests.test_runtime_logger" name="test_progress_reporter_uses_standard_batch_plural" time="0.002" /><testcase classname="tests.test_server_check" name="test_server_check_accepts_complete_linux_cuda_environment" time="0.005" /><testcase classname="tests.test_server_check" name="test_pyproject_exposes_reproducible_server_bundle_and_checker" time="0.001" /><testcase classname="tests.test_server_check" name="test_server_setup_runbook_keeps_install_check_and_smoke_commands" time="0.003" /><testcase classname="tests.test_synbios_moe" name="test_generation_is_deterministic_and_spans_are_exact" time="0.017" /><testcase classname="tests.test_synbios_moe" name="test_bios_uses_full_name_only_in_the_final_first_sentence" time="0.007" /><testcase classname="tests.test_synbios_moe" name="test_progressive_cloze_uses_original_fact_order_and_spans" time="0.006" /><testcase classname="tests.test_synbios_moe" name="test_cloze_character_similarity_is_normalized_and_partial" time="0.002" /><testcase classname="tests.test_synbios_moe" name="test_p_probe_positions_and_frozen_backbone" time="1.073" /><testcase classname="tests.test_synbios_moe" name="test_p_probe_positions_follow_rendered_text_order" time="0.002" /><testcase classname="tests.test_synbios_moe" name="test_gpt2_probe_boundary_excludes_a_token_crossing_the_attribute_start" time="0.002" /><testcase classname="tests.test_synbios_moe" name="test_probe_protocol_layers_and_exact_linear_decay" time="0.101" /><testcase classname="tests.test_synbios_moe" name="test_router_analysis_and_active_parameter_count" time="0.044" /><testcase classname="tests.test_synbios_moe" name="test_probe_cache_matches_legacy_datasets" time="0.222" /><testcase classname="tests.test_synbios_moe" name="test_probe_cache_validation_rejects_semantic_position_corruption" time="0.036" /><testcase classname="tests.test_synbios_moe" name="test_probe_stage_config_and_device_resolution" time="0.013" /><testcase classname="tests.test_synbios_moe" name="test_probe_stage_rejects_duplicate_jobs" time="0.001" /><testcase classname="tests.test_synbios_moe" name="test_probe_train_command_uses_independent_runtime_controls" time="0.003" /><testcase classname="tests.test_synbios_moe" name="test_pipeline_identity_binds_every_durable_input" time="0.005" /><testcase classname="tests.test_synbios_moe" name="test_probe_gate_reuses_only_strict_progressive_cloze_results" time="0.004" /><testcase classname="tests.test_synbios_moe" name="test_probe_training_emits_health_metrics" time="0.069" /><testcase classname="tests.test_synbios_moe" name="test_probe_recovery_resumes_exact_trainable_state" time="0.332" /><testcase classname="tests.test_synbios_moe" name="test_probe_benchmark_summary_requires_cross_gpu_safety" time="0.005" /><testcase classname="tests.test_synbios_moe" name="test_probe_batch_environment_requires_complete_bracketed_two_replica_matrix" time="0.009" /><testcase classname="tests.test_synbios_moe" name="test_probe_batch_benchmark_executes_real_train_steps_on_cpu" time="0.109" /><testcase classname="tests.test_synbios_moe" name="test_probe_scheduler_reports_started_and_finished_for_cached_job" time="0.003" /><testcase classname="tests.test_synbios_moe" name="test_probe_scheduler_reports_heartbeats" time="0.003" /><testcase classname="tests.test_synbios_moe" name="test_pipeline_reads_structured_worker_progress" time="0.004" /><testcase classname="tests.test_synbios_moe" name="test_probe_scheduler_fails_when_process_omits_output" time="0.003" /><testcase classname="tests.test_synbios_moe" name="test_probe_scheduler_does_not_trust_orphaned_output" time="0.003" /><testcase classname="tests.test_synbios_moe" name="test_synbios_notebook_covers_monitored_probe_pipeline" time="0.008" /><testcase classname="tests.test_synbios_moe" name="test_probe_result_postprocessing" time="0.007" /><testcase classname="tests.test_synbios_moe" name="test_probe_result_postprocessing_rejects_incomplete_stage" time="0.003" /><testcase classname="tests.test_training_monitoring" name="test_trainer_reports_global_clip_state" time="0.007" /></testsuite></testsuites>